2013-07-17 19:24:37.886 [info] <0.6.0> Application lager started on node nonode@nohost
2013-07-17 19:24:37.886 [info] <0.44.0> FORMAT ERROR: "Started App ~p~n" lager
2013-07-17 19:24:37.886 [info] <0.6.0> Application parse_trans started on node nonode@nohost
2013-07-17 19:24:37.886 [info] <0.44.0> FORMAT ERROR: "Started App ~p~n" parse_trans
2013-07-17 19:24:37.894 [info] <0.6.0> Application json_rec started on node nonode@nohost
2013-07-17 19:24:37.894 [info] <0.44.0> FORMAT ERROR: "Started App ~p~n" json_rec
2013-07-17 19:24:37.899 [error] <0.44.0> CRASH REPORT Process <0.44.0> with 0 neighbours exited with reason: no match of right hand value {error,{not_started,crypto}} in user_presence_sup:'-init/1-fun-0-'/1 in gen_server:init_it/6
2013-07-17 19:24:37.903 [error] <0.42.0> CRASH REPORT Process <0.42.0> with 0 neighbours exited with reason: {{{badmatch,{error,{not_started,crypto}}},[{user_presence_sup,'-init/1-fun-0-',1},{lists,map,2},{lists,map,2},{user_presence_sup,init,1},{supervisor,init,1},{gen_server,init_it,6},{proc_lib,init_p_do_apply,3}]},{user_presence_app,start,[normal,[]]}} in application_master:init/4
2013-07-17 19:24:37.904 [info] <0.6.0> Application user_presence exited with reason: {{{badmatch,{error,{not_started,crypto}}},[{user_presence_sup,'-init/1-fun-0-',1},{lists,map,2},{lists,map,2},{user_presence_sup,init,1},{supervisor,init,1},{gen_server,init_it,6},{proc_lib,init_p_do_apply,3}]},{user_presence_app,start,[normal,[]]}}
2013-07-17 19:27:32.102 [info] <0.71.0> Starting user_presence_sup supervisor with args [{"conf","spark_amqp.config"}]
2013-07-17 19:27:32.102 [info] <0.72.0> Starting dependency apps {"conf","spark_amqp.config"}

2013-07-17 19:27:32.102 [info] <0.72.0> FORMAT ERROR: "List of dependency apps ~p~n" [syntax_tools,compiler,goldrush,lager,parse_trans,json_rec,mochiweb,webmachine,mnesia]
2013-07-17 19:27:32.103 [info] <0.72.0> FORMAT ERROR: "Started App ~p~n" syntax_tools
2013-07-17 19:27:32.103 [info] <0.72.0> FORMAT ERROR: "Started App ~p~n" compiler
2013-07-17 19:27:32.103 [info] <0.72.0> FORMAT ERROR: "Started App ~p~n" goldrush
2013-07-17 19:27:32.104 [info] <0.72.0> FORMAT ERROR: "Started App ~p~n" lager
2013-07-17 19:27:32.104 [info] <0.72.0> FORMAT ERROR: "Started App ~p~n" parse_trans
2013-07-17 19:27:32.104 [info] <0.72.0> FORMAT ERROR: "Started App ~p~n" json_rec
2013-07-17 19:27:32.104 [error] <0.72.0> CRASH REPORT Process <0.72.0> with 0 neighbours exited with reason: no match of right hand value {error,{not_started,crypto}} in user_presence_sup:'-init/1-fun-0-'/1 in gen_server:init_it/6
2013-07-17 19:27:32.106 [error] <0.70.0> CRASH REPORT Process <0.70.0> with 0 neighbours exited with reason: {{{badmatch,{error,{not_started,crypto}}},[{user_presence_sup,'-init/1-fun-0-',1},{lists,map,2},{lists,map,2},{user_presence_sup,init,1},{supervisor,init,1},{gen_server,init_it,6},{proc_lib,init_p_do_apply,3}]},{user_presence_app,start,[normal,[]]}} in application_master:init/4
2013-07-17 19:27:32.108 [info] <0.6.0> Application user_presence exited with reason: {{{badmatch,{error,{not_started,crypto}}},[{user_presence_sup,'-init/1-fun-0-',1},{lists,map,2},{lists,map,2},{user_presence_sup,init,1},{supervisor,init,1},{gen_server,init_it,6},{proc_lib,init_p_do_apply,3}]},{user_presence_app,start,[normal,[]]}}
2013-07-17 19:27:47.723 [info] <0.84.0> Starting user_presence_sup supervisor with args [{"conf","spark_amqp.config"}]
2013-07-17 19:27:47.724 [info] <0.85.0> Starting dependency apps {"conf","spark_amqp.config"}

2013-07-17 19:27:47.724 [info] <0.85.0> FORMAT ERROR: "List of dependency apps ~p~n" [syntax_tools,compiler,goldrush,lager,parse_trans,json_rec,mochiweb,webmachine,mnesia]
2013-07-17 19:27:47.724 [info] <0.85.0> FORMAT ERROR: "Started App ~p~n" syntax_tools
2013-07-17 19:27:47.725 [info] <0.85.0> FORMAT ERROR: "Started App ~p~n" compiler
2013-07-17 19:27:47.725 [info] <0.85.0> FORMAT ERROR: "Started App ~p~n" goldrush
2013-07-17 19:27:47.725 [info] <0.85.0> FORMAT ERROR: "Started App ~p~n" lager
2013-07-17 19:27:47.725 [info] <0.85.0> FORMAT ERROR: "Started App ~p~n" parse_trans
2013-07-17 19:27:47.725 [info] <0.85.0> FORMAT ERROR: "Started App ~p~n" json_rec
2013-07-17 19:27:47.726 [error] <0.85.0> CRASH REPORT Process <0.85.0> with 0 neighbours exited with reason: no match of right hand value {error,{not_started,crypto}} in user_presence_sup:'-init/1-fun-0-'/1 in gen_server:init_it/6
2013-07-17 19:27:47.729 [error] <0.83.0> CRASH REPORT Process <0.83.0> with 0 neighbours exited with reason: {{{badmatch,{error,{not_started,crypto}}},[{user_presence_sup,'-init/1-fun-0-',1},{lists,map,2},{lists,map,2},{user_presence_sup,init,1},{supervisor,init,1},{gen_server,init_it,6},{proc_lib,init_p_do_apply,3}]},{user_presence_app,start,[normal,[]]}} in application_master:init/4
2013-07-17 19:27:47.734 [info] <0.6.0> Application user_presence exited with reason: {{{badmatch,{error,{not_started,crypto}}},[{user_presence_sup,'-init/1-fun-0-',1},{lists,map,2},{lists,map,2},{user_presence_sup,init,1},{supervisor,init,1},{gen_server,init_it,6},{proc_lib,init_p_do_apply,3}]},{user_presence_app,start,[normal,[]]}}
2013-07-17 19:29:07.331 [info] <0.6.0> Application lager started on node nonode@nohost
2013-07-17 19:29:07.331 [info] <0.44.0> Started App lager

2013-07-17 19:29:07.331 [info] <0.6.0> Application parse_trans started on node nonode@nohost
2013-07-17 19:29:07.331 [info] <0.44.0> Started App parse_trans

2013-07-17 19:29:07.340 [info] <0.6.0> Application json_rec started on node nonode@nohost
2013-07-17 19:29:07.340 [info] <0.44.0> Started App json_rec

2013-07-17 19:29:07.347 [error] <0.44.0> CRASH REPORT Process <0.44.0> with 0 neighbours exited with reason: no match of right hand value {error,{not_started,inets}} in user_presence_sup:'-init/1-fun-0-'/1 in gen_server:init_it/6
2013-07-17 19:29:07.350 [error] <0.42.0> CRASH REPORT Process <0.42.0> with 0 neighbours exited with reason: {{{badmatch,{error,{not_started,inets}}},[{user_presence_sup,'-init/1-fun-0-',1},{lists,map,2},{lists,map,2},{user_presence_sup,init,1},{supervisor,init,1},{gen_server,init_it,6},{proc_lib,init_p_do_apply,3}]},{user_presence_app,start,[normal,[]]}} in application_master:init/4
2013-07-17 19:29:07.351 [info] <0.6.0> Application user_presence exited with reason: {{{badmatch,{error,{not_started,inets}}},[{user_presence_sup,'-init/1-fun-0-',1},{lists,map,2},{lists,map,2},{user_presence_sup,init,1},{supervisor,init,1},{gen_server,init_it,6},{proc_lib,init_p_do_apply,3}]},{user_presence_app,start,[normal,[]]}}
2013-07-17 19:30:26.115 [info] <0.6.0> Application lager started on node nonode@nohost
2013-07-17 19:30:26.115 [info] <0.44.0> Started App lager

2013-07-17 19:30:26.115 [info] <0.6.0> Application parse_trans started on node nonode@nohost
2013-07-17 19:30:26.115 [info] <0.44.0> Started App parse_trans

2013-07-17 19:30:26.129 [info] <0.6.0> Application json_rec started on node nonode@nohost
2013-07-17 19:30:26.129 [info] <0.44.0> Started App json_rec

2013-07-17 19:30:26.174 [info] <0.6.0> Application inets started on node nonode@nohost
2013-07-17 19:30:26.174 [info] <0.44.0> Started App inets

2013-07-17 19:30:26.202 [info] <0.6.0> Application mochiweb started on node nonode@nohost
2013-07-17 19:30:26.203 [info] <0.44.0> Started App mochiweb

2013-07-17 19:30:26.249 [info] <0.6.0> Application webmachine started on node nonode@nohost
2013-07-17 19:30:26.249 [info] <0.44.0> Started App webmachine

2013-07-17 19:30:26.370 [info] <0.6.0> Application mnesia started on node nonode@nohost
2013-07-17 19:30:26.370 [info] <0.44.0> Started App mnesia

2013-07-17 19:30:26.370 [info] <0.44.0> FORMAT ERROR: "Started apps ~p~n" [user_presence_srv,user_presence_db]
2013-07-17 19:30:26.374 [error] <0.44.0> Supervisor user_presence_sup had child user_presence_srv started with user_presence_srv:start_link() at undefined exit with reason {'EXIT',{undef,[{user_presence_srv,start_link,[]},{supervisor,do_start_child,2},{supervisor,start_children,3},{supervisor,init_children,2},{gen_server,init_it,6},{proc_lib,init_p_do_apply,3}]}} in context start_error
2013-07-17 19:30:26.379 [info] <0.6.0> Application user_presence exited with reason: {shutdown,{user_presence_app,start,[normal,[]]}}
2013-07-17 19:32:18.902 [info] <0.6.0> Application lager started on node nonode@nohost
2013-07-17 19:32:18.903 [info] <0.44.0> Started App lager

2013-07-17 19:32:18.903 [info] <0.6.0> Application parse_trans started on node nonode@nohost
2013-07-17 19:32:18.903 [info] <0.44.0> Started App parse_trans

2013-07-17 19:32:18.913 [info] <0.6.0> Application json_rec started on node nonode@nohost
2013-07-17 19:32:18.913 [info] <0.44.0> Started App json_rec

2013-07-17 19:32:18.947 [info] <0.6.0> Application inets started on node nonode@nohost
2013-07-17 19:32:18.947 [info] <0.44.0> Started App inets

2013-07-17 19:32:18.967 [info] <0.6.0> Application mochiweb started on node nonode@nohost
2013-07-17 19:32:18.967 [info] <0.44.0> Started App mochiweb

2013-07-17 19:32:19.000 [info] <0.6.0> Application webmachine started on node nonode@nohost
2013-07-17 19:32:19.000 [info] <0.44.0> Started App webmachine

2013-07-17 19:32:19.093 [info] <0.6.0> Application mnesia started on node nonode@nohost
2013-07-17 19:32:19.093 [info] <0.44.0> Started App mnesia

2013-07-17 19:32:19.093 [info] <0.44.0> Starting apps user_presence_srv user_presence_db 

2013-07-17 19:32:19.096 [error] <0.44.0> Supervisor user_presence_sup had child user_presence_srv started with user_presence_srv:start_link() at undefined exit with reason {'EXIT',{undef,[{user_presence_srv,start_link,[]},{supervisor,do_start_child,2},{supervisor,start_children,3},{supervisor,init_children,2},{gen_server,init_it,6},{proc_lib,init_p_do_apply,3}]}} in context start_error
2013-07-17 19:32:19.099 [info] <0.6.0> Application user_presence exited with reason: {shutdown,{user_presence_app,start,[normal,[]]}}
2013-07-17 19:40:48.369 [info] <0.6.0> Application lager started on node nonode@nohost
2013-07-17 19:40:48.369 [info] <0.44.0> Started App lager

2013-07-17 19:40:48.369 [info] <0.6.0> Application parse_trans started on node nonode@nohost
2013-07-17 19:40:48.369 [info] <0.44.0> Started App parse_trans

2013-07-17 19:40:48.380 [info] <0.6.0> Application json_rec started on node nonode@nohost
2013-07-17 19:40:48.380 [info] <0.44.0> Started App json_rec

2013-07-17 19:40:48.420 [info] <0.6.0> Application inets started on node nonode@nohost
2013-07-17 19:40:48.420 [info] <0.44.0> Started App inets

2013-07-17 19:40:48.435 [info] <0.6.0> Application mochiweb started on node nonode@nohost
2013-07-17 19:40:48.435 [info] <0.44.0> Started App mochiweb

2013-07-17 19:40:48.467 [info] <0.6.0> Application webmachine started on node nonode@nohost
2013-07-17 19:40:48.467 [info] <0.44.0> Started App webmachine

2013-07-17 19:40:48.552 [info] <0.6.0> Application mnesia started on node nonode@nohost
2013-07-17 19:40:48.552 [info] <0.44.0> Started App mnesia

2013-07-17 19:40:48.552 [info] <0.44.0> Starting apps user_presence_srv user_presence_db 

2013-07-17 19:40:48.554 [error] <0.120.0> CRASH REPORT Process <0.120.0> with 0 neighbours exited with reason: call to undefined function user_presence_srv:init({"conf","spark_amqp.config"}) in gen_server:init_it/6
2013-07-17 19:40:48.558 [error] <0.44.0> Supervisor user_presence_sup had child user_presence_srv started with user_presence_srv:start_link({"conf","spark_amqp.config"}) at undefined exit with reason call to undefined function user_presence_srv:init({"conf","spark_amqp.config"}) in context start_error
2013-07-17 19:40:48.559 [info] <0.6.0> Application user_presence exited with reason: {shutdown,{user_presence_app,start,[normal,[]]}}
2013-07-17 19:43:56.361 [info] <0.6.0> Application lager started on node nonode@nohost
2013-07-17 19:43:56.361 [info] <0.44.0> Started App lager

2013-07-17 19:43:56.361 [info] <0.6.0> Application parse_trans started on node nonode@nohost
2013-07-17 19:43:56.361 [info] <0.44.0> Started App parse_trans

2013-07-17 19:43:56.369 [info] <0.6.0> Application json_rec started on node nonode@nohost
2013-07-17 19:43:56.369 [info] <0.44.0> Started App json_rec

2013-07-17 19:43:56.397 [info] <0.6.0> Application inets started on node nonode@nohost
2013-07-17 19:43:56.397 [info] <0.44.0> Started App inets

2013-07-17 19:43:56.411 [info] <0.6.0> Application mochiweb started on node nonode@nohost
2013-07-17 19:43:56.411 [info] <0.44.0> Started App mochiweb

2013-07-17 19:43:56.435 [info] <0.6.0> Application webmachine started on node nonode@nohost
2013-07-17 19:43:56.435 [info] <0.44.0> Started App webmachine

2013-07-17 19:43:56.495 [info] <0.6.0> Application mnesia started on node nonode@nohost
2013-07-17 19:43:56.495 [info] <0.44.0> Started App mnesia

2013-07-17 19:43:56.495 [info] <0.44.0> Starting apps user_presence_srv user_presence_db 

2013-07-17 19:43:56.497 [error] <0.120.0> CRASH REPORT Process <0.120.0> with 0 neighbours exited with reason: call to undefined function user_presence_srv:init([{"conf","spark_amqp.config"}]) in gen_server:init_it/6
2013-07-17 19:43:56.499 [error] <0.44.0> Supervisor user_presence_sup had child user_presence_srv started with user_presence_srv:start_link([{"conf","spark_amqp.config"}]) at undefined exit with reason call to undefined function user_presence_srv:init([{"conf","spark_amqp.config"}]) in context start_error
2013-07-17 19:43:56.500 [info] <0.6.0> Application user_presence exited with reason: {shutdown,{user_presence_app,start,[normal,[]]}}
2013-07-17 19:46:56.699 [info] <0.6.0> Application lager started on node nonode@nohost
2013-07-17 19:46:56.699 [info] <0.44.0> Started App lager

2013-07-17 19:46:56.699 [info] <0.6.0> Application parse_trans started on node nonode@nohost
2013-07-17 19:46:56.699 [info] <0.44.0> Started App parse_trans

2013-07-17 19:46:56.709 [info] <0.6.0> Application json_rec started on node nonode@nohost
2013-07-17 19:46:56.709 [info] <0.44.0> Started App json_rec

2013-07-17 19:46:56.743 [info] <0.6.0> Application inets started on node nonode@nohost
2013-07-17 19:46:56.744 [info] <0.44.0> Started App inets

2013-07-17 19:46:56.763 [info] <0.6.0> Application mochiweb started on node nonode@nohost
2013-07-17 19:46:56.763 [info] <0.44.0> Started App mochiweb

2013-07-17 19:46:56.789 [info] <0.6.0> Application webmachine started on node nonode@nohost
2013-07-17 19:46:56.789 [info] <0.44.0> Started App webmachine

2013-07-17 19:46:56.860 [info] <0.6.0> Application mnesia started on node nonode@nohost
2013-07-17 19:46:56.860 [info] <0.44.0> Started App mnesia

2013-07-17 19:46:56.861 [info] <0.44.0> Starting apps user_presence_srv user_presence_db 

2013-07-17 19:46:56.863 [info] <0.120.0> Initiating user_presence_srv with config "conf" "spark_amqp.config"
2013-07-17 19:46:56.865 [info] <0.120.0> Loading config: "conf/spark_amqp.config"
2013-07-17 19:46:56.866 [error] <0.120.0> CRASH REPORT Process <0.120.0> with 0 neighbours exited with reason: no match of right hand value -1 in user_presence_srv:init/1 in gen_server:init_it/6
2013-07-17 19:46:56.868 [error] <0.44.0> Supervisor user_presence_sup had child user_presence_srv started with user_presence_srv:start_link([{"conf","spark_amqp.config"}]) at undefined exit with reason no match of right hand value -1 in user_presence_srv:init/1 in context start_error
2013-07-17 19:46:56.869 [info] <0.6.0> Application user_presence exited with reason: {shutdown,{user_presence_app,start,[normal,[]]}}
2013-07-17 19:52:27.744 [info] <0.126.0> Starting user_presence_sup supervisor with args [{"conf","spark_amqp.config"}]
2013-07-17 19:52:27.744 [info] <0.127.0> Starting dependency apps [{"conf","spark_amqp.config"}]

2013-07-17 19:52:27.744 [info] <0.127.0> FORMAT ERROR: "List of dependency apps ~p~n" [syntax_tools,compiler,crypto,public_key,ssl,goldrush,lager,parse_trans,json_rec,inets,mochiweb,webmachine,mnesia]
2013-07-17 19:52:27.744 [info] <0.127.0> Started App syntax_tools

2013-07-17 19:52:27.745 [info] <0.127.0> Started App compiler

2013-07-17 19:52:27.745 [info] <0.127.0> Started App crypto

2013-07-17 19:52:27.745 [info] <0.127.0> Started App public_key

2013-07-17 19:52:27.745 [info] <0.127.0> Started App ssl

2013-07-17 19:52:27.745 [info] <0.127.0> Started App goldrush

2013-07-17 19:52:27.745 [info] <0.127.0> Started App lager

2013-07-17 19:52:27.745 [info] <0.127.0> Started App parse_trans

2013-07-17 19:52:27.745 [info] <0.127.0> Started App json_rec

2013-07-17 19:52:27.745 [info] <0.127.0> Started App inets

2013-07-17 19:52:27.745 [info] <0.127.0> Started App mochiweb

2013-07-17 19:52:27.745 [info] <0.127.0> Started App webmachine

2013-07-17 19:52:27.746 [info] <0.127.0> Started App mnesia

2013-07-17 19:52:27.746 [info] <0.127.0> Starting apps user_presence_srv user_presence_db 

2013-07-17 19:52:27.746 [info] <0.128.0> Initiating user_presence_srv with config "conf" "spark_amqp.config"
2013-07-17 19:52:27.746 [info] <0.128.0> Loading config: "conf/spark_amqp.config"
2013-07-17 19:52:27.748 [error] <0.128.0> CRASH REPORT Process <0.128.0> with 0 neighbours exited with reason: no match of right hand value -1 in user_presence_srv:init/1 in gen_server:init_it/6
2013-07-17 19:52:27.751 [error] <0.127.0> Supervisor user_presence_sup had child user_presence_srv started with user_presence_srv:start_link([{"conf","spark_amqp.config"}]) at undefined exit with reason no match of right hand value -1 in user_presence_srv:init/1 in context start_error
2013-07-17 19:52:27.754 [info] <0.6.0> Application user_presence exited with reason: {shutdown,{user_presence_app,start,[normal,[]]}}
2013-07-17 19:53:36.586 [info] <0.6.0> Application lager started on node nonode@nohost
2013-07-17 19:53:36.586 [info] <0.44.0> Started App lager

2013-07-17 19:53:36.586 [info] <0.6.0> Application parse_trans started on node nonode@nohost
2013-07-17 19:53:36.586 [info] <0.44.0> Started App parse_trans

2013-07-17 19:53:36.596 [info] <0.6.0> Application json_rec started on node nonode@nohost
2013-07-17 19:53:36.596 [info] <0.44.0> Started App json_rec

2013-07-17 19:53:36.629 [info] <0.6.0> Application inets started on node nonode@nohost
2013-07-17 19:53:36.629 [info] <0.44.0> Started App inets

2013-07-17 19:53:36.648 [info] <0.6.0> Application mochiweb started on node nonode@nohost
2013-07-17 19:53:36.648 [info] <0.44.0> Started App mochiweb

2013-07-17 19:53:36.680 [info] <0.6.0> Application webmachine started on node nonode@nohost
2013-07-17 19:53:36.680 [info] <0.44.0> Started App webmachine

2013-07-17 19:53:36.753 [info] <0.6.0> Application mnesia started on node nonode@nohost
2013-07-17 19:53:36.753 [info] <0.44.0> Started App mnesia

2013-07-17 19:53:36.753 [info] <0.44.0> Starting apps user_presence_srv user_presence_db 

2013-07-17 19:53:36.757 [info] <0.120.0> Initiating user_presence_srv with config "conf" "spark_user_presence.config"
2013-07-17 19:53:36.759 [info] <0.120.0> Loading config: "conf/spark_user_presence.config"
2013-07-17 19:53:36.760 [error] <0.120.0> CRASH REPORT Process <0.120.0> with 0 neighbours exited with reason: no match of right hand value 5000 in user_presence_srv:init/1 in gen_server:init_it/6
2013-07-17 19:53:36.763 [error] <0.44.0> Supervisor user_presence_sup had child user_presence_srv started with user_presence_srv:start_link([{"conf","spark_user_presence.config"}]) at undefined exit with reason no match of right hand value 5000 in user_presence_srv:init/1 in context start_error
2013-07-17 19:53:36.765 [info] <0.6.0> Application user_presence exited with reason: {shutdown,{user_presence_app,start,[normal,[]]}}
