2013-07-17 19:24:37 =CRASH REPORT====
  crasher:
    initial call: supervisor:user_presence_sup/1
    pid: <0.44.0>
    registered_name: []
    exception exit: {{badmatch,{error,{not_started,crypto}}},[{user_presence_sup,'-init/1-fun-0-',1},{lists,map,2},{lists,map,2},{user_presence_sup,init,1},{supervisor,init,1},{gen_server,init_it,6},{proc_lib,init_p_do_apply,3}]}
      in function  gen_server:init_it/6
      in call from proc_lib:init_p_do_apply/3
    ancestors: [<0.43.0>]
    messages: []
    links: [<0.43.0>]
    dictionary: []
    trap_exit: true
    status: running
    heap_size: 610
    stack_size: 24
    reductions: 346
  neighbours:
2013-07-17 19:24:37 =CRASH REPORT====
  crasher:
    initial call: application_master:init/4
    pid: <0.42.0>
    registered_name: []
    exception exit: {{{badmatch,{error,{not_started,crypto}}},[{user_presence_sup,'-init/1-fun-0-',1},{lists,map,2},{lists,map,2},{user_presence_sup,init,1},{supervisor,init,1},{gen_server,init_it,6},{proc_lib,init_p_do_apply,3}]},{user_presence_app,start,[normal,[]]}}
      in function  application_master:init/4
      in call from proc_lib:init_p_do_apply/3
    ancestors: [<0.41.0>]
    messages: [{'EXIT',<0.43.0>,normal}]
    links: [<0.41.0>,<0.6.0>]
    dictionary: []
    trap_exit: true
    status: running
    heap_size: 377
    stack_size: 24
    reductions: 108
  neighbours:
2013-07-17 19:27:32 =CRASH REPORT====
  crasher:
    initial call: supervisor:user_presence_sup/1
    pid: <0.72.0>
    registered_name: []
    exception exit: {{badmatch,{error,{not_started,crypto}}},[{user_presence_sup,'-init/1-fun-0-',1},{lists,map,2},{lists,map,2},{user_presence_sup,init,1},{supervisor,init,1},{gen_server,init_it,6},{proc_lib,init_p_do_apply,3}]}
      in function  gen_server:init_it/6
      in call from proc_lib:init_p_do_apply/3
    ancestors: [<0.71.0>]
    messages: []
    links: [<0.71.0>]
    dictionary: []
    trap_exit: true
    status: running
    heap_size: 233
    stack_size: 24
    reductions: 330
  neighbours:
2013-07-17 19:27:32 =CRASH REPORT====
  crasher:
    initial call: application_master:init/4
    pid: <0.70.0>
    registered_name: []
    exception exit: {{{badmatch,{error,{not_started,crypto}}},[{user_presence_sup,'-init/1-fun-0-',1},{lists,map,2},{lists,map,2},{user_presence_sup,init,1},{supervisor,init,1},{gen_server,init_it,6},{proc_lib,init_p_do_apply,3}]},{user_presence_app,start,[normal,[]]}}
      in function  application_master:init/4
      in call from proc_lib:init_p_do_apply/3
    ancestors: [<0.69.0>]
    messages: [{'EXIT',<0.71.0>,normal}]
    links: [<0.69.0>,<0.6.0>]
    dictionary: []
    trap_exit: true
    status: running
    heap_size: 377
    stack_size: 24
    reductions: 108
  neighbours:
2013-07-17 19:27:47 =CRASH REPORT====
  crasher:
    initial call: supervisor:user_presence_sup/1
    pid: <0.85.0>
    registered_name: []
    exception exit: {{badmatch,{error,{not_started,crypto}}},[{user_presence_sup,'-init/1-fun-0-',1},{lists,map,2},{lists,map,2},{user_presence_sup,init,1},{supervisor,init,1},{gen_server,init_it,6},{proc_lib,init_p_do_apply,3}]}
      in function  gen_server:init_it/6
      in call from proc_lib:init_p_do_apply/3
    ancestors: [<0.84.0>]
    messages: []
    links: [<0.84.0>]
    dictionary: []
    trap_exit: true
    status: running
    heap_size: 233
    stack_size: 24
    reductions: 330
  neighbours:
2013-07-17 19:27:47 =CRASH REPORT====
  crasher:
    initial call: application_master:init/4
    pid: <0.83.0>
    registered_name: []
    exception exit: {{{badmatch,{error,{not_started,crypto}}},[{user_presence_sup,'-init/1-fun-0-',1},{lists,map,2},{lists,map,2},{user_presence_sup,init,1},{supervisor,init,1},{gen_server,init_it,6},{proc_lib,init_p_do_apply,3}]},{user_presence_app,start,[normal,[]]}}
      in function  application_master:init/4
      in call from proc_lib:init_p_do_apply/3
    ancestors: [<0.82.0>]
    messages: [{'EXIT',<0.84.0>,normal}]
    links: [<0.82.0>,<0.6.0>]
    dictionary: []
    trap_exit: true
    status: running
    heap_size: 377
    stack_size: 24
    reductions: 108
  neighbours:
2013-07-17 19:29:07 =CRASH REPORT====
  crasher:
    initial call: supervisor:user_presence_sup/1
    pid: <0.44.0>
    registered_name: []
    exception exit: {{badmatch,{error,{not_started,inets}}},[{user_presence_sup,'-init/1-fun-0-',1},{lists,map,2},{lists,map,2},{user_presence_sup,init,1},{supervisor,init,1},{gen_server,init_it,6},{proc_lib,init_p_do_apply,3}]}
      in function  gen_server:init_it/6
      in call from proc_lib:init_p_do_apply/3
    ancestors: [<0.43.0>]
    messages: []
    links: [<0.43.0>]
    dictionary: []
    trap_exit: true
    status: running
    heap_size: 233
    stack_size: 24
    reductions: 440
  neighbours:
2013-07-17 19:29:07 =CRASH REPORT====
  crasher:
    initial call: application_master:init/4
    pid: <0.42.0>
    registered_name: []
    exception exit: {{{badmatch,{error,{not_started,inets}}},[{user_presence_sup,'-init/1-fun-0-',1},{lists,map,2},{lists,map,2},{user_presence_sup,init,1},{supervisor,init,1},{gen_server,init_it,6},{proc_lib,init_p_do_apply,3}]},{user_presence_app,start,[normal,[]]}}
      in function  application_master:init/4
      in call from proc_lib:init_p_do_apply/3
    ancestors: [<0.41.0>]
    messages: [{'EXIT',<0.43.0>,normal}]
    links: [<0.41.0>,<0.6.0>]
    dictionary: []
    trap_exit: true
    status: running
    heap_size: 377
    stack_size: 24
    reductions: 108
  neighbours:
2013-07-17 19:30:26 =SUPERVISOR REPORT====
     Supervisor: {local,user_presence_sup}
     Context:    start_error
     Reason:     {'EXIT',{undef,[{user_presence_srv,start_link,[]},{supervisor,do_start_child,2},{supervisor,start_children,3},{supervisor,init_children,2},{gen_server,init_it,6},{proc_lib,init_p_do_apply,3}]}}
     Offender:   [{pid,undefined},{name,user_presence_srv},{mfargs,{user_presence_srv,start_link,[]}},{restart_type,permanent},{shutdown,5000},{child_type,worker}]

2013-07-17 19:32:19 =SUPERVISOR REPORT====
     Supervisor: {local,user_presence_sup}
     Context:    start_error
     Reason:     {'EXIT',{undef,[{user_presence_srv,start_link,[]},{supervisor,do_start_child,2},{supervisor,start_children,3},{supervisor,init_children,2},{gen_server,init_it,6},{proc_lib,init_p_do_apply,3}]}}
     Offender:   [{pid,undefined},{name,user_presence_srv},{mfargs,{user_presence_srv,start_link,[]}},{restart_type,permanent},{shutdown,5000},{child_type,worker}]

2013-07-17 19:40:48 =CRASH REPORT====
  crasher:
    initial call: user_presence_srv:init/1
    pid: <0.120.0>
    registered_name: []
    exception exit: {undef,[{user_presence_srv,init,[{"conf","spark_amqp.config"}]},{gen_server,init_it,6},{proc_lib,init_p_do_apply,3}]}
      in function  gen_server:init_it/6
      in call from proc_lib:init_p_do_apply/3
    ancestors: [user_presence_sup,<0.43.0>]
    messages: []
    links: [<0.44.0>]
    dictionary: []
    trap_exit: false
    status: running
    heap_size: 377
    stack_size: 24
    reductions: 124
  neighbours:
2013-07-17 19:40:48 =SUPERVISOR REPORT====
     Supervisor: {local,user_presence_sup}
     Context:    start_error
     Reason:     {undef,[{user_presence_srv,init,[{"conf","spark_amqp.config"}]},{gen_server,init_it,6},{proc_lib,init_p_do_apply,3}]}
     Offender:   [{pid,undefined},{name,user_presence_srv},{mfargs,{user_presence_srv,start_link,[{"conf","spark_amqp.config"}]}},{restart_type,permanent},{shutdown,5000},{child_type,worker}]

2013-07-17 19:43:56 =CRASH REPORT====
  crasher:
    initial call: user_presence_srv:init/1
    pid: <0.120.0>
    registered_name: []
    exception exit: {undef,[{user_presence_srv,init,[[{"conf","spark_amqp.config"}]]},{gen_server,init_it,6},{proc_lib,init_p_do_apply,3}]}
      in function  gen_server:init_it/6
      in call from proc_lib:init_p_do_apply/3
    ancestors: [user_presence_sup,<0.43.0>]
    messages: []
    links: [<0.44.0>]
    dictionary: []
    trap_exit: false
    status: running
    heap_size: 377
    stack_size: 24
    reductions: 125
  neighbours:
2013-07-17 19:43:56 =SUPERVISOR REPORT====
     Supervisor: {local,user_presence_sup}
     Context:    start_error
     Reason:     {undef,[{user_presence_srv,init,[[{"conf","spark_amqp.config"}]]},{gen_server,init_it,6},{proc_lib,init_p_do_apply,3}]}
     Offender:   [{pid,undefined},{name,user_presence_srv},{mfargs,{user_presence_srv,start_link,[[{"conf","spark_amqp.config"}]]}},{restart_type,permanent},{shutdown,5000},{child_type,worker}]

2013-07-17 19:46:56 =CRASH REPORT====
  crasher:
    initial call: user_presence_srv:init/1
    pid: <0.120.0>
    registered_name: []
    exception exit: {{badmatch,-1},[{user_presence_srv,init,1},{gen_server,init_it,6},{proc_lib,init_p_do_apply,3}]}
      in function  gen_server:init_it/6
      in call from proc_lib:init_p_do_apply/3
    ancestors: [user_presence_sup,<0.43.0>]
    messages: []
    links: [<0.44.0>]
    dictionary: []
    trap_exit: false
    status: running
    heap_size: 987
    stack_size: 24
    reductions: 2765
  neighbours:
2013-07-17 19:46:56 =SUPERVISOR REPORT====
     Supervisor: {local,user_presence_sup}
     Context:    start_error
     Reason:     {{badmatch,-1},[{user_presence_srv,init,1},{gen_server,init_it,6},{proc_lib,init_p_do_apply,3}]}
     Offender:   [{pid,undefined},{name,user_presence_srv},{mfargs,{user_presence_srv,start_link,[[{"conf","spark_amqp.config"}]]}},{restart_type,permanent},{shutdown,5000},{child_type,worker}]

2013-07-17 19:52:27 =CRASH REPORT====
  crasher:
    initial call: user_presence_srv:init/1
    pid: <0.128.0>
    registered_name: []
    exception exit: {{badmatch,-1},[{user_presence_srv,init,1},{gen_server,init_it,6},{proc_lib,init_p_do_apply,3}]}
      in function  gen_server:init_it/6
      in call from proc_lib:init_p_do_apply/3
    ancestors: [user_presence_sup,<0.126.0>]
    messages: []
    links: [<0.127.0>]
    dictionary: []
    trap_exit: false
    status: running
    heap_size: 987
    stack_size: 24
    reductions: 2754
  neighbours:
2013-07-17 19:52:27 =SUPERVISOR REPORT====
     Supervisor: {local,user_presence_sup}
     Context:    start_error
     Reason:     {{badmatch,-1},[{user_presence_srv,init,1},{gen_server,init_it,6},{proc_lib,init_p_do_apply,3}]}
     Offender:   [{pid,undefined},{name,user_presence_srv},{mfargs,{user_presence_srv,start_link,[[{"conf","spark_amqp.config"}]]}},{restart_type,permanent},{shutdown,5000},{child_type,worker}]

2013-07-17 19:53:36 =CRASH REPORT====
  crasher:
    initial call: user_presence_srv:init/1
    pid: <0.120.0>
    registered_name: []
    exception exit: {{badmatch,5000},[{user_presence_srv,init,1},{gen_server,init_it,6},{proc_lib,init_p_do_apply,3}]}
      in function  gen_server:init_it/6
      in call from proc_lib:init_p_do_apply/3
    ancestors: [user_presence_sup,<0.43.0>]
    messages: []
    links: [<0.44.0>]
    dictionary: []
    trap_exit: false
    status: running
    heap_size: 377
    stack_size: 24
    reductions: 428
  neighbours:
2013-07-17 19:53:36 =SUPERVISOR REPORT====
     Supervisor: {local,user_presence_sup}
     Context:    start_error
     Reason:     {{badmatch,5000},[{user_presence_srv,init,1},{gen_server,init_it,6},{proc_lib,init_p_do_apply,3}]}
     Offender:   [{pid,undefined},{name,user_presence_srv},{mfargs,{user_presence_srv,start_link,[[{"conf","spark_user_presence.config"}]]}},{restart_type,permanent},{shutdown,5000},{child_type,worker}]

