2013-07-18 21:16:28.837 [error] <0.126.0> gen_server user_presence_srv terminated with reason: {aborted,{no_exists,[session,[{{session,'_','_','$1','_','_'},[],['$1']}]]}}
2013-07-18 21:16:28.837 [error] <0.126.0> CRASH REPORT Process user_presence_srv with 0 neighbours exited with reason: {aborted,{no_exists,[session,[{{session,'_','_','$1','_','_'},[],['$1']}]]}} in gen_server:terminate/6
2013-07-18 21:16:28.838 [error] <0.50.0> Supervisor user_presence_sup had child user_presence_srv started with user_presence_srv:start_link([{"conf","spark_user_presence.config"}]) at <0.126.0> exit with reason {aborted,{no_exists,[session,[{{session,'_','_','$1','_','_'},[],['$1']}]]}} in context child_terminated
2013-07-18 21:16:33.845 [error] <0.131.0> gen_server user_presence_srv terminated with reason: {aborted,{no_exists,[session,[{{session,'_','_','$1','_','_'},[],['$1']}]]}}
2013-07-18 21:16:33.845 [error] <0.131.0> CRASH REPORT Process user_presence_srv with 0 neighbours exited with reason: {aborted,{no_exists,[session,[{{session,'_','_','$1','_','_'},[],['$1']}]]}} in gen_server:terminate/6
2013-07-18 21:16:33.846 [error] <0.50.0> Supervisor user_presence_sup had child user_presence_srv started with user_presence_srv:start_link([{"conf","spark_user_presence.config"}]) at <0.131.0> exit with reason {aborted,{no_exists,[session,[{{session,'_','_','$1','_','_'},[],['$1']}]]}} in context child_terminated
2013-07-18 21:16:38.853 [error] <0.133.0> gen_server user_presence_srv terminated with reason: {aborted,{no_exists,[session,[{{session,'_','_','$1','_','_'},[],['$1']}]]}}
2013-07-18 21:16:38.853 [error] <0.133.0> CRASH REPORT Process user_presence_srv with 0 neighbours exited with reason: {aborted,{no_exists,[session,[{{session,'_','_','$1','_','_'},[],['$1']}]]}} in gen_server:terminate/6
2013-07-18 21:16:38.854 [error] <0.50.0> Supervisor user_presence_sup had child user_presence_srv started with user_presence_srv:start_link([{"conf","spark_user_presence.config"}]) at <0.133.0> exit with reason {aborted,{no_exists,[session,[{{session,'_','_','$1','_','_'},[],['$1']}]]}} in context child_terminated
2013-07-18 21:16:43.860 [error] <0.135.0> gen_server user_presence_srv terminated with reason: {aborted,{no_exists,[session,[{{session,'_','_','$1','_','_'},[],['$1']}]]}}
2013-07-18 21:16:43.860 [error] <0.135.0> CRASH REPORT Process user_presence_srv with 0 neighbours exited with reason: {aborted,{no_exists,[session,[{{session,'_','_','$1','_','_'},[],['$1']}]]}} in gen_server:terminate/6
2013-07-18 21:16:43.861 [error] <0.50.0> Supervisor user_presence_sup had child user_presence_srv started with user_presence_srv:start_link([{"conf","spark_user_presence.config"}]) at <0.135.0> exit with reason {aborted,{no_exists,[session,[{{session,'_','_','$1','_','_'},[],['$1']}]]}} in context child_terminated
2013-07-18 21:16:48.868 [error] <0.137.0> gen_server user_presence_srv terminated with reason: {aborted,{no_exists,[session,[{{session,'_','_','$1','_','_'},[],['$1']}]]}}
2013-07-18 21:16:48.868 [error] <0.137.0> CRASH REPORT Process user_presence_srv with 0 neighbours exited with reason: {aborted,{no_exists,[session,[{{session,'_','_','$1','_','_'},[],['$1']}]]}} in gen_server:terminate/6
2013-07-18 21:16:48.868 [error] <0.50.0> Supervisor user_presence_sup had child user_presence_srv started with user_presence_srv:start_link([{"conf","spark_user_presence.config"}]) at <0.137.0> exit with reason {aborted,{no_exists,[session,[{{session,'_','_','$1','_','_'},[],['$1']}]]}} in context child_terminated
2013-07-18 21:16:53.875 [error] <0.139.0> gen_server user_presence_srv terminated with reason: {aborted,{no_exists,[session,[{{session,'_','_','$1','_','_'},[],['$1']}]]}}
2013-07-18 21:16:53.875 [error] <0.139.0> CRASH REPORT Process user_presence_srv with 0 neighbours exited with reason: {aborted,{no_exists,[session,[{{session,'_','_','$1','_','_'},[],['$1']}]]}} in gen_server:terminate/6
2013-07-18 21:16:53.876 [error] <0.50.0> Supervisor user_presence_sup had child user_presence_srv started with user_presence_srv:start_link([{"conf","spark_user_presence.config"}]) at <0.139.0> exit with reason {aborted,{no_exists,[session,[{{session,'_','_','$1','_','_'},[],['$1']}]]}} in context child_terminated
2013-07-18 21:16:58.894 [error] <0.141.0> gen_server user_presence_srv terminated with reason: {aborted,{no_exists,[session,[{{session,'_','_','$1','_','_'},[],['$1']}]]}}
2013-07-18 21:16:58.894 [error] <0.141.0> CRASH REPORT Process user_presence_srv with 0 neighbours exited with reason: {aborted,{no_exists,[session,[{{session,'_','_','$1','_','_'},[],['$1']}]]}} in gen_server:terminate/6
2013-07-18 21:16:58.895 [error] <0.50.0> Supervisor user_presence_sup had child user_presence_srv started with user_presence_srv:start_link([{"conf","spark_user_presence.config"}]) at <0.141.0> exit with reason {aborted,{no_exists,[session,[{{session,'_','_','$1','_','_'},[],['$1']}]]}} in context child_terminated
2013-07-18 21:17:03.904 [error] <0.147.0> gen_server user_presence_srv terminated with reason: {aborted,{no_exists,[session,[{{session,'_','_','$1','_','_'},[],['$1']}]]}}
2013-07-18 21:17:03.904 [error] <0.147.0> CRASH REPORT Process user_presence_srv with 0 neighbours exited with reason: {aborted,{no_exists,[session,[{{session,'_','_','$1','_','_'},[],['$1']}]]}} in gen_server:terminate/6
2013-07-18 21:17:03.905 [error] <0.50.0> Supervisor user_presence_sup had child user_presence_srv started with user_presence_srv:start_link([{"conf","spark_user_presence.config"}]) at <0.147.0> exit with reason {aborted,{no_exists,[session,[{{session,'_','_','$1','_','_'},[],['$1']}]]}} in context child_terminated
2013-07-18 21:17:08.912 [error] <0.149.0> gen_server user_presence_srv terminated with reason: {aborted,{no_exists,[session,[{{session,'_','_','$1','_','_'},[],['$1']}]]}}
2013-07-18 21:17:08.912 [error] <0.149.0> CRASH REPORT Process user_presence_srv with 0 neighbours exited with reason: {aborted,{no_exists,[session,[{{session,'_','_','$1','_','_'},[],['$1']}]]}} in gen_server:terminate/6
2013-07-18 21:17:08.912 [error] <0.50.0> Supervisor user_presence_sup had child user_presence_srv started with user_presence_srv:start_link([{"conf","spark_user_presence.config"}]) at <0.149.0> exit with reason {aborted,{no_exists,[session,[{{session,'_','_','$1','_','_'},[],['$1']}]]}} in context child_terminated
2013-07-18 21:17:13.919 [error] <0.151.0> gen_server user_presence_srv terminated with reason: {aborted,{no_exists,[session,[{{session,'_','_','$1','_','_'},[],['$1']}]]}}
2013-07-18 21:17:13.919 [error] <0.151.0> CRASH REPORT Process user_presence_srv with 0 neighbours exited with reason: {aborted,{no_exists,[session,[{{session,'_','_','$1','_','_'},[],['$1']}]]}} in gen_server:terminate/6
2013-07-18 21:17:13.920 [error] <0.50.0> Supervisor user_presence_sup had child user_presence_srv started with user_presence_srv:start_link([{"conf","spark_user_presence.config"}]) at <0.151.0> exit with reason {aborted,{no_exists,[session,[{{session,'_','_','$1','_','_'},[],['$1']}]]}} in context child_terminated
2013-07-18 21:17:18.926 [error] <0.153.0> gen_server user_presence_srv terminated with reason: {aborted,{no_exists,[session,[{{session,'_','_','$1','_','_'},[],['$1']}]]}}
2013-07-18 21:17:18.926 [error] <0.153.0> CRASH REPORT Process user_presence_srv with 0 neighbours exited with reason: {aborted,{no_exists,[session,[{{session,'_','_','$1','_','_'},[],['$1']}]]}} in gen_server:terminate/6
2013-07-18 21:17:18.927 [error] <0.50.0> Supervisor user_presence_sup had child user_presence_srv started with user_presence_srv:start_link([{"conf","spark_user_presence.config"}]) at <0.153.0> exit with reason {aborted,{no_exists,[session,[{{session,'_','_','$1','_','_'},[],['$1']}]]}} in context child_terminated
2013-07-18 21:17:23.933 [error] <0.155.0> gen_server user_presence_srv terminated with reason: {aborted,{no_exists,[session,[{{session,'_','_','$1','_','_'},[],['$1']}]]}}
2013-07-18 21:17:23.933 [error] <0.155.0> CRASH REPORT Process user_presence_srv with 0 neighbours exited with reason: {aborted,{no_exists,[session,[{{session,'_','_','$1','_','_'},[],['$1']}]]}} in gen_server:terminate/6
2013-07-18 21:17:23.934 [error] <0.50.0> Supervisor user_presence_sup had child user_presence_srv started with user_presence_srv:start_link([{"conf","spark_user_presence.config"}]) at <0.155.0> exit with reason {aborted,{no_exists,[session,[{{session,'_','_','$1','_','_'},[],['$1']}]]}} in context child_terminated
2013-07-18 21:17:28.941 [error] <0.157.0> gen_server user_presence_srv terminated with reason: {aborted,{no_exists,[session,[{{session,'_','_','$1','_','_'},[],['$1']}]]}}
2013-07-18 21:17:28.941 [error] <0.157.0> CRASH REPORT Process user_presence_srv with 0 neighbours exited with reason: {aborted,{no_exists,[session,[{{session,'_','_','$1','_','_'},[],['$1']}]]}} in gen_server:terminate/6
2013-07-18 21:17:28.942 [error] <0.50.0> Supervisor user_presence_sup had child user_presence_srv started with user_presence_srv:start_link([{"conf","spark_user_presence.config"}]) at <0.157.0> exit with reason {aborted,{no_exists,[session,[{{session,'_','_','$1','_','_'},[],['$1']}]]}} in context child_terminated
2013-07-18 21:17:33.949 [error] <0.159.0> gen_server user_presence_srv terminated with reason: {aborted,{no_exists,[session,[{{session,'_','_','$1','_','_'},[],['$1']}]]}}
2013-07-18 21:17:33.949 [error] <0.159.0> CRASH REPORT Process user_presence_srv with 0 neighbours exited with reason: {aborted,{no_exists,[session,[{{session,'_','_','$1','_','_'},[],['$1']}]]}} in gen_server:terminate/6
2013-07-18 21:17:33.950 [error] <0.50.0> Supervisor user_presence_sup had child user_presence_srv started with user_presence_srv:start_link([{"conf","spark_user_presence.config"}]) at <0.159.0> exit with reason {aborted,{no_exists,[session,[{{session,'_','_','$1','_','_'},[],['$1']}]]}} in context child_terminated
2013-07-18 21:17:35.651 [error] <0.128.0> gen_server user_presence_db terminated with reason: no match of right hand value pong in user_presence_db:handle_call/3
2013-07-18 21:17:35.652 [error] <0.128.0> CRASH REPORT Process user_presence_db with 0 neighbours exited with reason: no match of right hand value pong in user_presence_db:handle_call/3 in gen_server:terminate/6
2013-07-18 21:17:35.652 [error] <0.50.0> Supervisor user_presence_sup had child user_presence_db started with user_presence_db:start_link([{"conf","spark_user_presence.config"}]) at <0.128.0> exit with reason no match of right hand value pong in user_presence_db:handle_call/3 in context child_terminated
2013-07-18 21:17:38.957 [error] <0.162.0> gen_server user_presence_srv terminated with reason: {aborted,{no_exists,[session,[{{session,'_','_','$1','_','_'},[],['$1']}]]}}
2013-07-18 21:17:38.957 [error] <0.162.0> CRASH REPORT Process user_presence_srv with 0 neighbours exited with reason: {aborted,{no_exists,[session,[{{session,'_','_','$1','_','_'},[],['$1']}]]}} in gen_server:terminate/6
2013-07-18 21:17:38.958 [error] <0.50.0> Supervisor user_presence_sup had child user_presence_srv started with user_presence_srv:start_link([{"conf","spark_user_presence.config"}]) at <0.162.0> exit with reason {aborted,{no_exists,[session,[{{session,'_','_','$1','_','_'},[],['$1']}]]}} in context child_terminated
2013-07-18 21:17:40.322 [error] <0.164.0> gen_server user_presence_db terminated with reason: no match of right hand value pong in user_presence_db:handle_call/3
2013-07-18 21:17:40.322 [error] <0.164.0> CRASH REPORT Process user_presence_db with 0 neighbours exited with reason: no match of right hand value pong in user_presence_db:handle_call/3 in gen_server:terminate/6
2013-07-18 21:17:40.323 [error] <0.50.0> Supervisor user_presence_sup had child user_presence_db started with user_presence_db:start_link([{"conf","spark_user_presence.config"}]) at <0.164.0> exit with reason no match of right hand value pong in user_presence_db:handle_call/3 in context child_terminated
2013-07-18 21:17:43.965 [error] <0.168.0> gen_server user_presence_srv terminated with reason: {aborted,{no_exists,[session,[{{session,'_','_','$1','_','_'},[],['$1']}]]}}
2013-07-18 21:17:43.965 [error] <0.168.0> CRASH REPORT Process user_presence_srv with 0 neighbours exited with reason: {aborted,{no_exists,[session,[{{session,'_','_','$1','_','_'},[],['$1']}]]}} in gen_server:terminate/6
2013-07-18 21:17:43.966 [error] <0.50.0> Supervisor user_presence_sup had child user_presence_srv started with user_presence_srv:start_link([{"conf","spark_user_presence.config"}]) at <0.168.0> exit with reason {aborted,{no_exists,[session,[{{session,'_','_','$1','_','_'},[],['$1']}]]}} in context child_terminated
2013-07-18 21:17:45.098 [error] <0.170.0> gen_server user_presence_db terminated with reason: no match of right hand value pong in user_presence_db:handle_call/3
2013-07-18 21:17:45.098 [error] <0.170.0> CRASH REPORT Process user_presence_db with 0 neighbours exited with reason: no match of right hand value pong in user_presence_db:handle_call/3 in gen_server:terminate/6
2013-07-18 21:17:45.099 [error] <0.50.0> Supervisor user_presence_sup had child user_presence_db started with user_presence_db:start_link([{"conf","spark_user_presence.config"}]) at <0.170.0> exit with reason no match of right hand value pong in user_presence_db:handle_call/3 in context child_terminated
2013-07-18 21:17:48.973 [error] <0.174.0> gen_server user_presence_srv terminated with reason: {aborted,{no_exists,[session,[{{session,'_','_','$1','_','_'},[],['$1']}]]}}
2013-07-18 21:17:48.973 [error] <0.174.0> CRASH REPORT Process user_presence_srv with 0 neighbours exited with reason: {aborted,{no_exists,[session,[{{session,'_','_','$1','_','_'},[],['$1']}]]}} in gen_server:terminate/6
2013-07-18 21:17:48.974 [error] <0.50.0> Supervisor user_presence_sup had child user_presence_srv started with user_presence_srv:start_link([{"conf","spark_user_presence.config"}]) at <0.174.0> exit with reason {aborted,{no_exists,[session,[{{session,'_','_','$1','_','_'},[],['$1']}]]}} in context child_terminated
2013-07-18 21:17:53.981 [error] <0.180.0> gen_server user_presence_srv terminated with reason: {aborted,{no_exists,[session,[{{session,'_','_','$1','_','_'},[],['$1']}]]}}
2013-07-18 21:17:53.981 [error] <0.180.0> CRASH REPORT Process user_presence_srv with 0 neighbours exited with reason: {aborted,{no_exists,[session,[{{session,'_','_','$1','_','_'},[],['$1']}]]}} in gen_server:terminate/6
2013-07-18 21:17:53.982 [error] <0.50.0> Supervisor user_presence_sup had child user_presence_srv started with user_presence_srv:start_link([{"conf","spark_user_presence.config"}]) at <0.180.0> exit with reason {aborted,{no_exists,[session,[{{session,'_','_','$1','_','_'},[],['$1']}]]}} in context child_terminated
2013-07-18 21:17:58.989 [error] <0.182.0> gen_server user_presence_srv terminated with reason: {aborted,{no_exists,[session,[{{session,'_','_','$1','_','_'},[],['$1']}]]}}
2013-07-18 21:17:58.989 [error] <0.182.0> CRASH REPORT Process user_presence_srv with 0 neighbours exited with reason: {aborted,{no_exists,[session,[{{session,'_','_','$1','_','_'},[],['$1']}]]}} in gen_server:terminate/6
2013-07-18 21:17:58.990 [error] <0.50.0> Supervisor user_presence_sup had child user_presence_srv started with user_presence_srv:start_link([{"conf","spark_user_presence.config"}]) at <0.182.0> exit with reason {aborted,{no_exists,[session,[{{session,'_','_','$1','_','_'},[],['$1']}]]}} in context child_terminated
2013-07-18 21:18:03.999 [error] <0.184.0> gen_server user_presence_srv terminated with reason: {aborted,{no_exists,[session,[{{session,'_','_','$1','_','_'},[],['$1']}]]}}
2013-07-18 21:18:04.000 [error] <0.184.0> CRASH REPORT Process user_presence_srv with 0 neighbours exited with reason: {aborted,{no_exists,[session,[{{session,'_','_','$1','_','_'},[],['$1']}]]}} in gen_server:terminate/6
2013-07-18 21:18:04.000 [error] <0.50.0> Supervisor user_presence_sup had child user_presence_srv started with user_presence_srv:start_link([{"conf","spark_user_presence.config"}]) at <0.184.0> exit with reason {aborted,{no_exists,[session,[{{session,'_','_','$1','_','_'},[],['$1']}]]}} in context child_terminated
2013-07-18 21:18:09.022 [error] <0.186.0> gen_server user_presence_srv terminated with reason: {aborted,{no_exists,[session,[{{session,'_','_','$1','_','_'},[],['$1']}]]}}
2013-07-18 21:18:09.022 [error] <0.186.0> CRASH REPORT Process user_presence_srv with 0 neighbours exited with reason: {aborted,{no_exists,[session,[{{session,'_','_','$1','_','_'},[],['$1']}]]}} in gen_server:terminate/6
2013-07-18 21:18:09.022 [error] <0.50.0> Supervisor user_presence_sup had child user_presence_srv started with user_presence_srv:start_link([{"conf","spark_user_presence.config"}]) at <0.186.0> exit with reason {aborted,{no_exists,[session,[{{session,'_','_','$1','_','_'},[],['$1']}]]}} in context child_terminated
2013-07-18 21:18:14.029 [error] <0.188.0> gen_server user_presence_srv terminated with reason: {aborted,{no_exists,[session,[{{session,'_','_','$1','_','_'},[],['$1']}]]}}
2013-07-18 21:18:14.030 [error] <0.188.0> CRASH REPORT Process user_presence_srv with 0 neighbours exited with reason: {aborted,{no_exists,[session,[{{session,'_','_','$1','_','_'},[],['$1']}]]}} in gen_server:terminate/6
2013-07-18 21:18:14.030 [error] <0.50.0> Supervisor user_presence_sup had child user_presence_srv started with user_presence_srv:start_link([{"conf","spark_user_presence.config"}]) at <0.188.0> exit with reason {aborted,{no_exists,[session,[{{session,'_','_','$1','_','_'},[],['$1']}]]}} in context child_terminated
2013-07-18 21:18:19.037 [error] <0.190.0> gen_server user_presence_srv terminated with reason: {aborted,{no_exists,[session,[{{session,'_','_','$1','_','_'},[],['$1']}]]}}
2013-07-18 21:18:19.037 [error] <0.190.0> CRASH REPORT Process user_presence_srv with 0 neighbours exited with reason: {aborted,{no_exists,[session,[{{session,'_','_','$1','_','_'},[],['$1']}]]}} in gen_server:terminate/6
2013-07-18 21:18:19.037 [error] <0.50.0> Supervisor user_presence_sup had child user_presence_srv started with user_presence_srv:start_link([{"conf","spark_user_presence.config"}]) at <0.190.0> exit with reason {aborted,{no_exists,[session,[{{session,'_','_','$1','_','_'},[],['$1']}]]}} in context child_terminated
2013-07-18 21:18:24.046 [error] <0.192.0> gen_server user_presence_srv terminated with reason: {aborted,{no_exists,[session,[{{session,'_','_','$1','_','_'},[],['$1']}]]}}
2013-07-18 21:18:24.046 [error] <0.192.0> CRASH REPORT Process user_presence_srv with 0 neighbours exited with reason: {aborted,{no_exists,[session,[{{session,'_','_','$1','_','_'},[],['$1']}]]}} in gen_server:terminate/6
2013-07-18 21:18:24.047 [error] <0.50.0> Supervisor user_presence_sup had child user_presence_srv started with user_presence_srv:start_link([{"conf","spark_user_presence.config"}]) at <0.192.0> exit with reason {aborted,{no_exists,[session,[{{session,'_','_','$1','_','_'},[],['$1']}]]}} in context child_terminated
2013-07-18 21:18:29.067 [error] <0.194.0> gen_server user_presence_srv terminated with reason: {aborted,{no_exists,[session,[{{session,'_','_','$1','_','_'},[],['$1']}]]}}
2013-07-18 21:18:29.068 [error] <0.194.0> CRASH REPORT Process user_presence_srv with 0 neighbours exited with reason: {aborted,{no_exists,[session,[{{session,'_','_','$1','_','_'},[],['$1']}]]}} in gen_server:terminate/6
2013-07-18 21:18:29.068 [error] <0.50.0> Supervisor user_presence_sup had child user_presence_srv started with user_presence_srv:start_link([{"conf","spark_user_presence.config"}]) at <0.194.0> exit with reason {aborted,{no_exists,[session,[{{session,'_','_','$1','_','_'},[],['$1']}]]}} in context child_terminated
2013-07-18 21:18:34.075 [error] <0.196.0> gen_server user_presence_srv terminated with reason: {aborted,{no_exists,[session,[{{session,'_','_','$1','_','_'},[],['$1']}]]}}
2013-07-18 21:18:34.075 [error] <0.196.0> CRASH REPORT Process user_presence_srv with 0 neighbours exited with reason: {aborted,{no_exists,[session,[{{session,'_','_','$1','_','_'},[],['$1']}]]}} in gen_server:terminate/6
2013-07-18 21:18:34.076 [error] <0.50.0> Supervisor user_presence_sup had child user_presence_srv started with user_presence_srv:start_link([{"conf","spark_user_presence.config"}]) at <0.196.0> exit with reason {aborted,{no_exists,[session,[{{session,'_','_','$1','_','_'},[],['$1']}]]}} in context child_terminated
2013-07-18 21:18:39.082 [error] <0.198.0> gen_server user_presence_srv terminated with reason: {aborted,{no_exists,[session,[{{session,'_','_','$1','_','_'},[],['$1']}]]}}
2013-07-18 21:18:39.082 [error] <0.198.0> CRASH REPORT Process user_presence_srv with 0 neighbours exited with reason: {aborted,{no_exists,[session,[{{session,'_','_','$1','_','_'},[],['$1']}]]}} in gen_server:terminate/6
2013-07-18 21:18:39.083 [error] <0.50.0> Supervisor user_presence_sup had child user_presence_srv started with user_presence_srv:start_link([{"conf","spark_user_presence.config"}]) at <0.198.0> exit with reason {aborted,{no_exists,[session,[{{session,'_','_','$1','_','_'},[],['$1']}]]}} in context child_terminated
2013-07-18 21:18:44.090 [error] <0.200.0> gen_server user_presence_srv terminated with reason: {aborted,{no_exists,[session,[{{session,'_','_','$1','_','_'},[],['$1']}]]}}
2013-07-18 21:18:44.090 [error] <0.200.0> CRASH REPORT Process user_presence_srv with 0 neighbours exited with reason: {aborted,{no_exists,[session,[{{session,'_','_','$1','_','_'},[],['$1']}]]}} in gen_server:terminate/6
2013-07-18 21:18:44.091 [error] <0.50.0> Supervisor user_presence_sup had child user_presence_srv started with user_presence_srv:start_link([{"conf","spark_user_presence.config"}]) at <0.200.0> exit with reason {aborted,{no_exists,[session,[{{session,'_','_','$1','_','_'},[],['$1']}]]}} in context child_terminated
2013-07-18 21:18:49.098 [error] <0.202.0> gen_server user_presence_srv terminated with reason: {aborted,{no_exists,[session,[{{session,'_','_','$1','_','_'},[],['$1']}]]}}
2013-07-18 21:18:49.098 [error] <0.202.0> CRASH REPORT Process user_presence_srv with 0 neighbours exited with reason: {aborted,{no_exists,[session,[{{session,'_','_','$1','_','_'},[],['$1']}]]}} in gen_server:terminate/6
2013-07-18 21:18:49.099 [error] <0.50.0> Supervisor user_presence_sup had child user_presence_srv started with user_presence_srv:start_link([{"conf","spark_user_presence.config"}]) at <0.202.0> exit with reason {aborted,{no_exists,[session,[{{session,'_','_','$1','_','_'},[],['$1']}]]}} in context child_terminated
2013-07-18 21:18:54.108 [error] <0.204.0> gen_server user_presence_srv terminated with reason: {aborted,{no_exists,[session,[{{session,'_','_','$1','_','_'},[],['$1']}]]}}
2013-07-18 21:18:54.108 [error] <0.204.0> CRASH REPORT Process user_presence_srv with 0 neighbours exited with reason: {aborted,{no_exists,[session,[{{session,'_','_','$1','_','_'},[],['$1']}]]}} in gen_server:terminate/6
2013-07-18 21:18:54.108 [error] <0.50.0> Supervisor user_presence_sup had child user_presence_srv started with user_presence_srv:start_link([{"conf","spark_user_presence.config"}]) at <0.204.0> exit with reason {aborted,{no_exists,[session,[{{session,'_','_','$1','_','_'},[],['$1']}]]}} in context child_terminated
2013-07-18 21:18:59.115 [error] <0.206.0> gen_server user_presence_srv terminated with reason: {aborted,{no_exists,[session,[{{session,'_','_','$1','_','_'},[],['$1']}]]}}
2013-07-18 21:18:59.115 [error] <0.206.0> CRASH REPORT Process user_presence_srv with 0 neighbours exited with reason: {aborted,{no_exists,[session,[{{session,'_','_','$1','_','_'},[],['$1']}]]}} in gen_server:terminate/6
2013-07-18 21:18:59.115 [error] <0.50.0> Supervisor user_presence_sup had child user_presence_srv started with user_presence_srv:start_link([{"conf","spark_user_presence.config"}]) at <0.206.0> exit with reason {aborted,{no_exists,[session,[{{session,'_','_','$1','_','_'},[],['$1']}]]}} in context child_terminated
2013-07-18 21:19:04.123 [error] <0.208.0> gen_server user_presence_srv terminated with reason: {aborted,{no_exists,[session,[{{session,'_','_','$1','_','_'},[],['$1']}]]}}
2013-07-18 21:19:04.123 [error] <0.208.0> CRASH REPORT Process user_presence_srv with 0 neighbours exited with reason: {aborted,{no_exists,[session,[{{session,'_','_','$1','_','_'},[],['$1']}]]}} in gen_server:terminate/6
2013-07-18 21:19:04.124 [error] <0.50.0> Supervisor user_presence_sup had child user_presence_srv started with user_presence_srv:start_link([{"conf","spark_user_presence.config"}]) at <0.208.0> exit with reason {aborted,{no_exists,[session,[{{session,'_','_','$1','_','_'},[],['$1']}]]}} in context child_terminated
2013-07-18 21:19:09.131 [error] <0.210.0> gen_server user_presence_srv terminated with reason: {aborted,{no_exists,[session,[{{session,'_','_','$1','_','_'},[],['$1']}]]}}
2013-07-18 21:19:09.132 [error] <0.210.0> CRASH REPORT Process user_presence_srv with 0 neighbours exited with reason: {aborted,{no_exists,[session,[{{session,'_','_','$1','_','_'},[],['$1']}]]}} in gen_server:terminate/6
2013-07-18 21:19:09.132 [error] <0.50.0> Supervisor user_presence_sup had child user_presence_srv started with user_presence_srv:start_link([{"conf","spark_user_presence.config"}]) at <0.210.0> exit with reason {aborted,{no_exists,[session,[{{session,'_','_','$1','_','_'},[],['$1']}]]}} in context child_terminated
2013-07-18 21:19:14.203 [error] <0.212.0> gen_server user_presence_srv terminated with reason: {aborted,{no_exists,[session,[{{session,'_','_','$1','_','_'},[],['$1']}]]}}
2013-07-18 21:19:14.203 [error] <0.212.0> CRASH REPORT Process user_presence_srv with 0 neighbours exited with reason: {aborted,{no_exists,[session,[{{session,'_','_','$1','_','_'},[],['$1']}]]}} in gen_server:terminate/6
2013-07-18 21:19:14.204 [error] <0.50.0> Supervisor user_presence_sup had child user_presence_srv started with user_presence_srv:start_link([{"conf","spark_user_presence.config"}]) at <0.212.0> exit with reason {aborted,{no_exists,[session,[{{session,'_','_','$1','_','_'},[],['$1']}]]}} in context child_terminated
2013-07-18 21:19:19.212 [error] <0.214.0> gen_server user_presence_srv terminated with reason: {aborted,{no_exists,[session,[{{session,'_','_','$1','_','_'},[],['$1']}]]}}
2013-07-18 21:19:19.212 [error] <0.214.0> CRASH REPORT Process user_presence_srv with 0 neighbours exited with reason: {aborted,{no_exists,[session,[{{session,'_','_','$1','_','_'},[],['$1']}]]}} in gen_server:terminate/6
2013-07-18 21:19:19.212 [error] <0.50.0> Supervisor user_presence_sup had child user_presence_srv started with user_presence_srv:start_link([{"conf","spark_user_presence.config"}]) at <0.214.0> exit with reason {aborted,{no_exists,[session,[{{session,'_','_','$1','_','_'},[],['$1']}]]}} in context child_terminated
2013-07-18 21:19:51.979 [error] <0.126.0> gen_server user_presence_srv terminated with reason: {aborted,{no_exists,[session,[{{session,'_','_','$1','_','_'},[],['$1']}]]}}
2013-07-18 21:19:51.979 [error] <0.126.0> CRASH REPORT Process user_presence_srv with 0 neighbours exited with reason: {aborted,{no_exists,[session,[{{session,'_','_','$1','_','_'},[],['$1']}]]}} in gen_server:terminate/6
2013-07-18 21:19:51.980 [error] <0.50.0> Supervisor user_presence_sup had child user_presence_srv started with user_presence_srv:start_link([{"conf","spark_user_presence.config"}]) at <0.126.0> exit with reason {aborted,{no_exists,[session,[{{session,'_','_','$1','_','_'},[],['$1']}]]}} in context child_terminated
2013-07-18 21:19:56.988 [error] <0.131.0> gen_server user_presence_srv terminated with reason: {aborted,{no_exists,[session,[{{session,'_','_','$1','_','_'},[],['$1']}]]}}
2013-07-18 21:19:56.988 [error] <0.131.0> CRASH REPORT Process user_presence_srv with 0 neighbours exited with reason: {aborted,{no_exists,[session,[{{session,'_','_','$1','_','_'},[],['$1']}]]}} in gen_server:terminate/6
2013-07-18 21:19:56.989 [error] <0.50.0> Supervisor user_presence_sup had child user_presence_srv started with user_presence_srv:start_link([{"conf","spark_user_presence.config"}]) at <0.131.0> exit with reason {aborted,{no_exists,[session,[{{session,'_','_','$1','_','_'},[],['$1']}]]}} in context child_terminated
2013-07-18 21:20:01.996 [error] <0.133.0> gen_server user_presence_srv terminated with reason: {aborted,{no_exists,[session,[{{session,'_','_','$1','_','_'},[],['$1']}]]}}
2013-07-18 21:20:01.996 [error] <0.133.0> CRASH REPORT Process user_presence_srv with 0 neighbours exited with reason: {aborted,{no_exists,[session,[{{session,'_','_','$1','_','_'},[],['$1']}]]}} in gen_server:terminate/6
2013-07-18 21:20:01.997 [error] <0.50.0> Supervisor user_presence_sup had child user_presence_srv started with user_presence_srv:start_link([{"conf","spark_user_presence.config"}]) at <0.133.0> exit with reason {aborted,{no_exists,[session,[{{session,'_','_','$1','_','_'},[],['$1']}]]}} in context child_terminated
2013-07-18 21:20:07.005 [error] <0.139.0> gen_server user_presence_srv terminated with reason: {aborted,{no_exists,[session,[{{session,'_','_','$1','_','_'},[],['$1']}]]}}
2013-07-18 21:20:07.005 [error] <0.139.0> CRASH REPORT Process user_presence_srv with 0 neighbours exited with reason: {aborted,{no_exists,[session,[{{session,'_','_','$1','_','_'},[],['$1']}]]}} in gen_server:terminate/6
2013-07-18 21:20:07.005 [error] <0.50.0> Supervisor user_presence_sup had child user_presence_srv started with user_presence_srv:start_link([{"conf","spark_user_presence.config"}]) at <0.139.0> exit with reason {aborted,{no_exists,[session,[{{session,'_','_','$1','_','_'},[],['$1']}]]}} in context child_terminated
2013-07-18 21:20:12.014 [error] <0.141.0> gen_server user_presence_srv terminated with reason: {aborted,{no_exists,[session,[{{session,'_','_','$1','_','_'},[],['$1']}]]}}
2013-07-18 21:20:12.014 [error] <0.141.0> CRASH REPORT Process user_presence_srv with 0 neighbours exited with reason: {aborted,{no_exists,[session,[{{session,'_','_','$1','_','_'},[],['$1']}]]}} in gen_server:terminate/6
2013-07-18 21:20:12.014 [error] <0.50.0> Supervisor user_presence_sup had child user_presence_srv started with user_presence_srv:start_link([{"conf","spark_user_presence.config"}]) at <0.141.0> exit with reason {aborted,{no_exists,[session,[{{session,'_','_','$1','_','_'},[],['$1']}]]}} in context child_terminated
2013-07-18 21:20:17.043 [error] <0.143.0> gen_server user_presence_srv terminated with reason: {aborted,{no_exists,[session,[{{session,'_','_','$1','_','_'},[],['$1']}]]}}
2013-07-18 21:20:17.044 [error] <0.143.0> CRASH REPORT Process user_presence_srv with 0 neighbours exited with reason: {aborted,{no_exists,[session,[{{session,'_','_','$1','_','_'},[],['$1']}]]}} in gen_server:terminate/6
2013-07-18 21:20:17.044 [error] <0.50.0> Supervisor user_presence_sup had child user_presence_srv started with user_presence_srv:start_link([{"conf","spark_user_presence.config"}]) at <0.143.0> exit with reason {aborted,{no_exists,[session,[{{session,'_','_','$1','_','_'},[],['$1']}]]}} in context child_terminated
2013-07-18 21:20:22.051 [error] <0.145.0> gen_server user_presence_srv terminated with reason: {aborted,{no_exists,[session,[{{session,'_','_','$1','_','_'},[],['$1']}]]}}
2013-07-18 21:20:22.051 [error] <0.145.0> CRASH REPORT Process user_presence_srv with 0 neighbours exited with reason: {aborted,{no_exists,[session,[{{session,'_','_','$1','_','_'},[],['$1']}]]}} in gen_server:terminate/6
2013-07-18 21:20:22.052 [error] <0.50.0> Supervisor user_presence_sup had child user_presence_srv started with user_presence_srv:start_link([{"conf","spark_user_presence.config"}]) at <0.145.0> exit with reason {aborted,{no_exists,[session,[{{session,'_','_','$1','_','_'},[],['$1']}]]}} in context child_terminated
2013-07-18 21:20:27.059 [error] <0.147.0> gen_server user_presence_srv terminated with reason: {aborted,{no_exists,[session,[{{session,'_','_','$1','_','_'},[],['$1']}]]}}
2013-07-18 21:20:27.059 [error] <0.147.0> CRASH REPORT Process user_presence_srv with 0 neighbours exited with reason: {aborted,{no_exists,[session,[{{session,'_','_','$1','_','_'},[],['$1']}]]}} in gen_server:terminate/6
2013-07-18 21:20:27.059 [error] <0.50.0> Supervisor user_presence_sup had child user_presence_srv started with user_presence_srv:start_link([{"conf","spark_user_presence.config"}]) at <0.147.0> exit with reason {aborted,{no_exists,[session,[{{session,'_','_','$1','_','_'},[],['$1']}]]}} in context child_terminated
2013-07-18 21:26:38.424 [error] <0.126.0> gen_server user_presence_srv terminated with reason: {aborted,{no_exists,[session,[{{session,'_','_','$1','_','_'},[],['$1']}]]}}
2013-07-18 21:26:38.424 [error] <0.126.0> CRASH REPORT Process user_presence_srv with 0 neighbours exited with reason: {aborted,{no_exists,[session,[{{session,'_','_','$1','_','_'},[],['$1']}]]}} in gen_server:terminate/6
2013-07-18 21:26:38.425 [error] <0.50.0> Supervisor user_presence_sup had child user_presence_srv started with user_presence_srv:start_link([{"conf","spark_user_presence.config"}]) at <0.126.0> exit with reason {aborted,{no_exists,[session,[{{session,'_','_','$1','_','_'},[],['$1']}]]}} in context child_terminated
2013-07-18 21:26:43.431 [error] <0.131.0> gen_server user_presence_srv terminated with reason: {aborted,{no_exists,[session,[{{session,'_','_','$1','_','_'},[],['$1']}]]}}
2013-07-18 21:26:43.431 [error] <0.131.0> CRASH REPORT Process user_presence_srv with 0 neighbours exited with reason: {aborted,{no_exists,[session,[{{session,'_','_','$1','_','_'},[],['$1']}]]}} in gen_server:terminate/6
2013-07-18 21:26:43.432 [error] <0.50.0> Supervisor user_presence_sup had child user_presence_srv started with user_presence_srv:start_link([{"conf","spark_user_presence.config"}]) at <0.131.0> exit with reason {aborted,{no_exists,[session,[{{session,'_','_','$1','_','_'},[],['$1']}]]}} in context child_terminated
2013-07-18 21:26:48.439 [error] <0.133.0> gen_server user_presence_srv terminated with reason: {aborted,{no_exists,[session,[{{session,'_','_','$1','_','_'},[],['$1']}]]}}
2013-07-18 21:26:48.439 [error] <0.133.0> CRASH REPORT Process user_presence_srv with 0 neighbours exited with reason: {aborted,{no_exists,[session,[{{session,'_','_','$1','_','_'},[],['$1']}]]}} in gen_server:terminate/6
2013-07-18 21:26:48.440 [error] <0.50.0> Supervisor user_presence_sup had child user_presence_srv started with user_presence_srv:start_link([{"conf","spark_user_presence.config"}]) at <0.133.0> exit with reason {aborted,{no_exists,[session,[{{session,'_','_','$1','_','_'},[],['$1']}]]}} in context child_terminated
2013-07-18 21:26:53.447 [error] <0.135.0> gen_server user_presence_srv terminated with reason: {aborted,{no_exists,[session,[{{session,'_','_','$1','_','_'},[],['$1']}]]}}
2013-07-18 21:26:53.447 [error] <0.135.0> CRASH REPORT Process user_presence_srv with 0 neighbours exited with reason: {aborted,{no_exists,[session,[{{session,'_','_','$1','_','_'},[],['$1']}]]}} in gen_server:terminate/6
2013-07-18 21:26:53.448 [error] <0.50.0> Supervisor user_presence_sup had child user_presence_srv started with user_presence_srv:start_link([{"conf","spark_user_presence.config"}]) at <0.135.0> exit with reason {aborted,{no_exists,[session,[{{session,'_','_','$1','_','_'},[],['$1']}]]}} in context child_terminated
2013-07-18 21:26:58.455 [error] <0.141.0> gen_server user_presence_srv terminated with reason: {aborted,{no_exists,[session,[{{session,'_','_','$1','_','_'},[],['$1']}]]}}
2013-07-18 21:26:58.455 [error] <0.141.0> CRASH REPORT Process user_presence_srv with 0 neighbours exited with reason: {aborted,{no_exists,[session,[{{session,'_','_','$1','_','_'},[],['$1']}]]}} in gen_server:terminate/6
2013-07-18 21:26:58.455 [error] <0.50.0> Supervisor user_presence_sup had child user_presence_srv started with user_presence_srv:start_link([{"conf","spark_user_presence.config"}]) at <0.141.0> exit with reason {aborted,{no_exists,[session,[{{session,'_','_','$1','_','_'},[],['$1']}]]}} in context child_terminated
2013-07-18 21:27:03.462 [error] <0.143.0> gen_server user_presence_srv terminated with reason: {aborted,{no_exists,[session,[{{session,'_','_','$1','_','_'},[],['$1']}]]}}
2013-07-18 21:27:03.463 [error] <0.143.0> CRASH REPORT Process user_presence_srv with 0 neighbours exited with reason: {aborted,{no_exists,[session,[{{session,'_','_','$1','_','_'},[],['$1']}]]}} in gen_server:terminate/6
2013-07-18 21:27:03.463 [error] <0.50.0> Supervisor user_presence_sup had child user_presence_srv started with user_presence_srv:start_link([{"conf","spark_user_presence.config"}]) at <0.143.0> exit with reason {aborted,{no_exists,[session,[{{session,'_','_','$1','_','_'},[],['$1']}]]}} in context child_terminated
2013-07-18 21:27:08.470 [error] <0.145.0> gen_server user_presence_srv terminated with reason: {aborted,{no_exists,[session,[{{session,'_','_','$1','_','_'},[],['$1']}]]}}
2013-07-18 21:27:08.470 [error] <0.145.0> CRASH REPORT Process user_presence_srv with 0 neighbours exited with reason: {aborted,{no_exists,[session,[{{session,'_','_','$1','_','_'},[],['$1']}]]}} in gen_server:terminate/6
2013-07-18 21:27:08.471 [error] <0.50.0> Supervisor user_presence_sup had child user_presence_srv started with user_presence_srv:start_link([{"conf","spark_user_presence.config"}]) at <0.145.0> exit with reason {aborted,{no_exists,[session,[{{session,'_','_','$1','_','_'},[],['$1']}]]}} in context child_terminated
2013-07-18 21:27:13.478 [error] <0.147.0> gen_server user_presence_srv terminated with reason: {aborted,{no_exists,[session,[{{session,'_','_','$1','_','_'},[],['$1']}]]}}
2013-07-18 21:27:13.478 [error] <0.147.0> CRASH REPORT Process user_presence_srv with 0 neighbours exited with reason: {aborted,{no_exists,[session,[{{session,'_','_','$1','_','_'},[],['$1']}]]}} in gen_server:terminate/6
2013-07-18 21:27:13.479 [error] <0.50.0> Supervisor user_presence_sup had child user_presence_srv started with user_presence_srv:start_link([{"conf","spark_user_presence.config"}]) at <0.147.0> exit with reason {aborted,{no_exists,[session,[{{session,'_','_','$1','_','_'},[],['$1']}]]}} in context child_terminated
2013-07-18 21:27:18.486 [error] <0.150.0> gen_server user_presence_srv terminated with reason: {aborted,{no_exists,[session,[{{session,'_','_','$1','_','_'},[],['$1']}]]}}
2013-07-18 21:27:18.486 [error] <0.150.0> CRASH REPORT Process user_presence_srv with 0 neighbours exited with reason: {aborted,{no_exists,[session,[{{session,'_','_','$1','_','_'},[],['$1']}]]}} in gen_server:terminate/6
2013-07-18 21:27:18.487 [error] <0.50.0> Supervisor user_presence_sup had child user_presence_srv started with user_presence_srv:start_link([{"conf","spark_user_presence.config"}]) at <0.150.0> exit with reason {aborted,{no_exists,[session,[{{session,'_','_','$1','_','_'},[],['$1']}]]}} in context child_terminated
2013-07-18 21:27:23.494 [error] <0.152.0> gen_server user_presence_srv terminated with reason: {aborted,{no_exists,[session,[{{session,'_','_','$1','_','_'},[],['$1']}]]}}
2013-07-18 21:27:23.494 [error] <0.152.0> CRASH REPORT Process user_presence_srv with 0 neighbours exited with reason: {aborted,{no_exists,[session,[{{session,'_','_','$1','_','_'},[],['$1']}]]}} in gen_server:terminate/6
2013-07-18 21:27:23.495 [error] <0.50.0> Supervisor user_presence_sup had child user_presence_srv started with user_presence_srv:start_link([{"conf","spark_user_presence.config"}]) at <0.152.0> exit with reason {aborted,{no_exists,[session,[{{session,'_','_','$1','_','_'},[],['$1']}]]}} in context child_terminated
2013-07-18 21:27:41.534 [error] <0.161.0> gen_server user_presence_srv terminated with reason: {aborted,{no_exists,[session,[{{session,'_','_','$1','_','_'},[],['$1']}]]}}
2013-07-18 21:27:41.534 [error] <0.161.0> CRASH REPORT Process user_presence_srv with 0 neighbours exited with reason: {aborted,{no_exists,[session,[{{session,'_','_','$1','_','_'},[],['$1']}]]}} in gen_server:terminate/6
2013-07-18 21:27:41.535 [error] <0.160.0> Supervisor user_presence_sup had child user_presence_srv started with user_presence_srv:start_link([{"conf","spark_user_presence.config"}]) at <0.161.0> exit with reason {aborted,{no_exists,[session,[{{session,'_','_','$1','_','_'},[],['$1']}]]}} in context child_terminated
2013-07-18 21:27:46.541 [error] <0.166.0> gen_server user_presence_srv terminated with reason: {aborted,{no_exists,[session,[{{session,'_','_','$1','_','_'},[],['$1']}]]}}
2013-07-18 21:27:46.541 [error] <0.166.0> CRASH REPORT Process user_presence_srv with 0 neighbours exited with reason: {aborted,{no_exists,[session,[{{session,'_','_','$1','_','_'},[],['$1']}]]}} in gen_server:terminate/6
2013-07-18 21:27:46.542 [error] <0.160.0> Supervisor user_presence_sup had child user_presence_srv started with user_presence_srv:start_link([{"conf","spark_user_presence.config"}]) at <0.166.0> exit with reason {aborted,{no_exists,[session,[{{session,'_','_','$1','_','_'},[],['$1']}]]}} in context child_terminated
2013-07-18 21:27:51.549 [error] <0.168.0> gen_server user_presence_srv terminated with reason: {aborted,{no_exists,[session,[{{session,'_','_','$1','_','_'},[],['$1']}]]}}
2013-07-18 21:27:51.549 [error] <0.168.0> CRASH REPORT Process user_presence_srv with 0 neighbours exited with reason: {aborted,{no_exists,[session,[{{session,'_','_','$1','_','_'},[],['$1']}]]}} in gen_server:terminate/6
2013-07-18 21:27:51.549 [error] <0.160.0> Supervisor user_presence_sup had child user_presence_srv started with user_presence_srv:start_link([{"conf","spark_user_presence.config"}]) at <0.168.0> exit with reason {aborted,{no_exists,[session,[{{session,'_','_','$1','_','_'},[],['$1']}]]}} in context child_terminated
2013-07-18 21:27:56.557 [error] <0.170.0> gen_server user_presence_srv terminated with reason: {aborted,{no_exists,[session,[{{session,'_','_','$1','_','_'},[],['$1']}]]}}
2013-07-18 21:27:56.557 [error] <0.170.0> CRASH REPORT Process user_presence_srv with 0 neighbours exited with reason: {aborted,{no_exists,[session,[{{session,'_','_','$1','_','_'},[],['$1']}]]}} in gen_server:terminate/6
2013-07-18 21:27:56.557 [error] <0.160.0> Supervisor user_presence_sup had child user_presence_srv started with user_presence_srv:start_link([{"conf","spark_user_presence.config"}]) at <0.170.0> exit with reason {aborted,{no_exists,[session,[{{session,'_','_','$1','_','_'},[],['$1']}]]}} in context child_terminated
2013-07-18 21:28:01.564 [error] <0.172.0> gen_server user_presence_srv terminated with reason: {aborted,{no_exists,[session,[{{session,'_','_','$1','_','_'},[],['$1']}]]}}
2013-07-18 21:28:01.564 [error] <0.172.0> CRASH REPORT Process user_presence_srv with 0 neighbours exited with reason: {aborted,{no_exists,[session,[{{session,'_','_','$1','_','_'},[],['$1']}]]}} in gen_server:terminate/6
2013-07-18 21:28:01.565 [error] <0.160.0> Supervisor user_presence_sup had child user_presence_srv started with user_presence_srv:start_link([{"conf","spark_user_presence.config"}]) at <0.172.0> exit with reason {aborted,{no_exists,[session,[{{session,'_','_','$1','_','_'},[],['$1']}]]}} in context child_terminated
2013-07-18 21:28:06.591 [error] <0.174.0> gen_server user_presence_srv terminated with reason: {aborted,{no_exists,[session,[{{session,'_','_','$1','_','_'},[],['$1']}]]}}
2013-07-18 21:28:06.591 [error] <0.174.0> CRASH REPORT Process user_presence_srv with 0 neighbours exited with reason: {aborted,{no_exists,[session,[{{session,'_','_','$1','_','_'},[],['$1']}]]}} in gen_server:terminate/6
2013-07-18 21:28:06.592 [error] <0.160.0> Supervisor user_presence_sup had child user_presence_srv started with user_presence_srv:start_link([{"conf","spark_user_presence.config"}]) at <0.174.0> exit with reason {aborted,{no_exists,[session,[{{session,'_','_','$1','_','_'},[],['$1']}]]}} in context child_terminated
